2022-06-01 15:12:05.516559: wfastcgi.py will restart when files in C:\dj-apps-2022-05-25\jd-apps\ are changed: .*((\.xx)|(\.yy))$
2022-06-01 15:12:05.534551: wfastcgi.py 3.0.0 initialized
2022-06-01 15:12:08.443633: wfastcgi.py will restart when files in C:\dj-apps-2022-05-25\jd-apps\ are changed: .*((\.xx)|(\.yy))$
2022-06-01 15:12:08.490901: wfastcgi.py 3.0.0 initialized
2022-06-01 15:12:10.701888: wfastcgi.py will restart when files in C:\dj-apps-2022-05-25\jd-apps\ are changed: .*((\.xx)|(\.yy))$
2022-06-01 15:12:10.778094: wfastcgi.py 3.0.0 initialized
2022-06-01 15:15:59.603917: wfastcgi.py will restart when files in C:\dj-apps-2022-05-25\jd-apps\ are changed: .*((\.xx)|(\.yy))$
2022-06-01 15:15:59.694517: wfastcgi.py 3.0.0 initialized
2022-06-01 15:18:14.899190: wfastcgi.py will restart when files in C:\dj-apps-2022-05-25\jd-apps\ are changed: .*((\.xx)|(\.yy))$
2022-06-01 15:18:15.021209: wfastcgi.py 3.0.0 initialized
2022-06-01 15:18:17.710605: wfastcgi.py will restart when files in C:\dj-apps-2022-05-25\jd-apps\ are changed: .*((\.xx)|(\.yy))$
2022-06-01 15:18:17.773695: wfastcgi.py 3.0.0 initialized
2022-06-01 15:18:20.029341: wfastcgi.py will restart when files in C:\dj-apps-2022-05-25\jd-apps\ are changed: .*((\.xx)|(\.yy))$
2022-06-01 15:18:20.151709: wfastcgi.py 3.0.0 initialized
2022-06-01 15:18:26.885946: wfastcgi.py will restart when files in C:\dj-apps-2022-05-25\jd-apps\ are changed: .*((\.xx)|(\.yy))$
2022-06-01 15:18:26.922951: wfastcgi.py 3.0.0 initialized
2022-06-01 15:24:28.892832: wfastcgi.py will restart when files in C:\dj-apps-2022-05-25\jd-apps\ are changed: .*((\.xx)|(\.yy))$
2022-06-01 15:24:28.906835: wfastcgi.py 3.0.0 initialized
2022-06-01 15:24:51.072142: wfastcgi.py will restart when files in C:\dj-apps-2022-05-25\jd-apps\ are changed: .*((\.xx)|(\.yy))$
2022-06-01 15:24:51.109144: wfastcgi.py 3.0.0 initialized
2022-06-01 15:24:54.294435: wfastcgi.py will restart when files in C:\dj-apps-2022-05-25\jd-apps\ are changed: .*((\.xx)|(\.yy))$
2022-06-01 15:24:54.307433: wfastcgi.py 3.0.0 initialized
2022-06-01 15:24:56.786653: wfastcgi.py will restart when files in C:\dj-apps-2022-05-25\jd-apps\ are changed: .*((\.xx)|(\.yy))$
2022-06-01 15:24:56.860660: wfastcgi.py 3.0.0 initialized
2022-06-01 15:25:05.553440: wfastcgi.py will restart when files in C:\dj-apps-2022-05-25\jd-apps\ are changed: .*((\.xx)|(\.yy))$
2022-06-01 15:25:05.692451: wfastcgi.py 3.0.0 initialized
2022-06-01 15:28:22.960410: wfastcgi.py will restart when files in C:\dj-apps-2022-05-25\jd-apps\ are changed: .*((\.xx)|(\.yy))$
2022-06-01 15:28:22.972405: wfastcgi.py 3.0.0 initialized
2022-06-01 15:28:44.045976: wfastcgi.py will restart when files in C:\dj-apps-2022-05-25\jd-apps\ are changed: .*((\.xx)|(\.yy))$
2022-06-01 15:28:44.061441: wfastcgi.py 3.0.0 initialized
2022-06-01 15:31:02.010033: wfastcgi.py will restart when files in C:\dj-apps-2022-05-25\jd-apps\ are changed: .*((\.xx)|(\.yy))$
2022-06-01 15:31:02.025034: wfastcgi.py 3.0.0 initialized
2022-06-01 15:31:42.898396: wfastcgi.py will restart when files in C:\dj-apps-2022-05-25\jd-apps\ are changed: .*((\.xx)|(\.yy))$
2022-06-01 15:31:42.908401: wfastcgi.py 3.0.0 initialized
2022-06-01 15:31:47.440724: wfastcgi.py will restart when files in C:\dj-apps-2022-05-25\jd-apps\ are changed: .*((\.xx)|(\.yy))$
2022-06-01 15:31:47.566737: wfastcgi.py 3.0.0 initialized
2022-06-01 15:42:40.680950: wfastcgi.py will restart when files in C:\dj-apps-2022-05-25\jd-apps\ are changed: .*((\.xx)|(\.yy))$
2022-06-01 15:42:40.696943: wfastcgi.py 3.0.0 initialized
2022-06-01 15:42:47.208800: wfastcgi.py will restart when files in C:\dj-apps-2022-05-25\jd-apps\ are changed: .*((\.xx)|(\.yy))$
2022-06-01 15:42:47.241800: wfastcgi.py 3.0.0 initialized
2022-06-01 15:42:50.109517: wfastcgi.py will restart when files in C:\dj-apps-2022-05-25\jd-apps\ are changed: .*((\.xx)|(\.yy))$
2022-06-01 15:42:50.139403: wfastcgi.py 3.0.0 initialized
2022-06-01 15:47:48.409829: wfastcgi.py will restart when files in C:\dj-apps-2022-05-25\jd-apps\ are changed: .*((\.xx)|(\.yy))$
2022-06-01 15:47:48.468926: wfastcgi.py 3.0.0 initialized
2022-06-01 15:47:52.030085: wfastcgi.py will restart when files in C:\dj-apps-2022-05-25\jd-apps\ are changed: .*((\.xx)|(\.yy))$
2022-06-01 15:47:52.040086: wfastcgi.py 3.0.0 initialized
2022-06-01 15:47:54.149831: wfastcgi.py will restart when files in C:\dj-apps-2022-05-25\jd-apps\ are changed: .*((\.xx)|(\.yy))$
2022-06-01 15:47:54.165856: wfastcgi.py 3.0.0 initialized
2022-06-01 15:48:00.039094: wfastcgi.py will restart when files in C:\dj-apps-2022-05-25\jd-apps\ are changed: .*((\.xx)|(\.yy))$
2022-06-01 15:48:00.050097: wfastcgi.py 3.0.0 initialized
2022-06-01 15:52:29.969041: wfastcgi.py will restart when files in C:\dj-apps-2022-05-25\jd-apps\ are changed: .*((\.xx)|(\.yy))$
2022-06-01 15:52:29.989051: wfastcgi.py 3.0.0 initialized
2022-06-01 15:52:37.046857: wfastcgi.py will restart when files in C:\dj-apps-2022-05-25\jd-apps\ are changed: .*((\.xx)|(\.yy))$
2022-06-01 15:52:37.062857: wfastcgi.py 3.0.0 initialized
2022-06-01 15:52:46.603224: wfastcgi.py will restart when files in C:\dj-apps-2022-05-25\jd-apps\ are changed: .*((\.xx)|(\.yy))$
2022-06-01 15:52:46.620226: wfastcgi.py 3.0.0 initialized
2022-06-01 16:32:12.691000: Error occurred while reading WSGI handler:

Traceback (most recent call last):
  File ".\quicky\config\__init__.py", line 159, in load_yaml_config
    self.media.streaming_buffering_in_KB
AttributeError: 'MediaConfig' object has no attribute 'streaming_buffering_in_KB'

During handling of the above exception, another exception occurred:

Traceback (most recent call last):
  File "c:\dj-apps-2022-05-25\jd-apps\venv\lib\site-packages\wfastcgi.py", line 791, in main
    env, handler = read_wsgi_handler(response.physical_path)
  File "c:\dj-apps-2022-05-25\jd-apps\venv\lib\site-packages\wfastcgi.py", line 633, in read_wsgi_handler
    handler = get_wsgi_handler(os.getenv("WSGI_HANDLER"))
  File "c:\dj-apps-2022-05-25\jd-apps\venv\lib\site-packages\wfastcgi.py", line 600, in get_wsgi_handler
    handler = __import__(module_name, fromlist=[name_list[0][0]])
  File "C:\dj-apps-2022-05-25\jd-apps\fwebapi\app_api.py", line 3, in <module>
    import routes.api_apps
  File "C:\dj-apps-2022-05-25\jd-apps\fwebapi\routes\__init__.py", line 14, in <module>
    app_config = quicky.config.Config(str(pathlib.Path(__file__).parent.parent))
  File ".\quicky\config\__init__.py", line 112, in __init__
    self.load_yaml_config()
  File ".\quicky\config\__init__.py", line 194, in load_yaml_config
    self.logger.info(exception_msg)
UnboundLocalError: local variable 'exception_msg' referenced before assignment


StdOut: host_dir


StdErr: 
2022-06-01 16:32:12.769129: Unhandled exception in wfastcgi.py: Traceback (most recent call last):
  File ".\quicky\config\__init__.py", line 159, in load_yaml_config
    self.media.streaming_buffering_in_KB
AttributeError: 'MediaConfig' object has no attribute 'streaming_buffering_in_KB'

During handling of the above exception, another exception occurred:

Traceback (most recent call last):
  File "c:\dj-apps-2022-05-25\jd-apps\venv\lib\site-packages\wfastcgi.py", line 791, in main
    env, handler = read_wsgi_handler(response.physical_path)
  File "c:\dj-apps-2022-05-25\jd-apps\venv\lib\site-packages\wfastcgi.py", line 633, in read_wsgi_handler
    handler = get_wsgi_handler(os.getenv("WSGI_HANDLER"))
  File "c:\dj-apps-2022-05-25\jd-apps\venv\lib\site-packages\wfastcgi.py", line 600, in get_wsgi_handler
    handler = __import__(module_name, fromlist=[name_list[0][0]])
  File "C:\dj-apps-2022-05-25\jd-apps\fwebapi\app_api.py", line 3, in <module>
    import routes.api_apps
  File "C:\dj-apps-2022-05-25\jd-apps\fwebapi\routes\__init__.py", line 14, in <module>
    app_config = quicky.config.Config(str(pathlib.Path(__file__).parent.parent))
  File ".\quicky\config\__init__.py", line 112, in __init__
    self.load_yaml_config()
  File ".\quicky\config\__init__.py", line 194, in load_yaml_config
    self.logger.info(exception_msg)
UnboundLocalError: local variable 'exception_msg' referenced before assignment
2022-06-01 16:32:12.784750: Running on_exit tasks
2022-06-01 16:32:12.862893: wfastcgi.py 3.0.0 closed
2022-06-01 16:37:30.022570: wfastcgi.py will restart when files in C:\dj-apps-2022-05-25\jd-apps\ are changed: .*((\.xx)|(\.yy))$
2022-06-01 16:37:30.038207: wfastcgi.py 3.0.0 initialized
2022-06-01 16:55:34.224354: wfastcgi.py will restart when files in C:\dj-apps-2022-05-25\jd-apps\ are changed: .*((\.xx)|(\.yy))$
2022-06-01 16:55:34.234355: wfastcgi.py 3.0.0 initialized
2022-06-01 16:55:37.988465: wfastcgi.py will restart when files in C:\dj-apps-2022-05-25\jd-apps\ are changed: .*((\.xx)|(\.yy))$
2022-06-01 16:55:37.998462: wfastcgi.py 3.0.0 initialized
2022-06-01 16:55:39.574674: Unhandled exception in wfastcgi.py: Traceback (most recent call last):
  File "c:\dj-apps-2022-05-25\jd-apps\venv\lib\site-packages\wfastcgi.py", line 851, in main
    response.send(FCGI_STDOUT, part)
  File "c:\dj-apps-2022-05-25\jd-apps\venv\lib\site-packages\wfastcgi.py", line 756, in send
    return send_response(self.stream, self.record.req_id, resp_type, content, streaming)
  File "c:\dj-apps-2022-05-25\jd-apps\venv\lib\site-packages\wfastcgi.py", line 388, in send_response
    os.write(stream.fileno(), data)
BrokenPipeError: [Errno 32] Broken pipe

During handling of the above exception, another exception occurred:

Traceback (most recent call last):
  File "c:\dj-apps-2022-05-25\jd-apps\venv\lib\site-packages\wfastcgi.py", line 854, in main
    result.close()
  File "c:\dj-apps-2022-05-25\jd-apps\venv\lib\site-packages\wfastcgi.py", line 701, in __exit__
    self.send(FCGI_STDERR, wsgi_encode(error_msg))
  File "c:\dj-apps-2022-05-25\jd-apps\venv\lib\site-packages\wfastcgi.py", line 756, in send
    return send_response(self.stream, self.record.req_id, resp_type, content, streaming)
  File "c:\dj-apps-2022-05-25\jd-apps\venv\lib\site-packages\wfastcgi.py", line 388, in send_response
    os.write(stream.fileno(), data)
OSError: [Errno 22] Invalid argument
2022-06-01 16:55:40.866320: wfastcgi.py will restart when files in C:\dj-apps-2022-05-25\jd-apps\ are changed: .*((\.xx)|(\.yy))$
2022-06-01 16:55:40.882308: wfastcgi.py 3.0.0 initialized
2022-06-01 16:55:43.417541: wfastcgi.py will restart when files in C:\dj-apps-2022-05-25\jd-apps\ are changed: .*((\.xx)|(\.yy))$
2022-06-01 16:55:43.430540: wfastcgi.py 3.0.0 initialized
2022-06-01 16:55:45.228409: wfastcgi.py will restart when files in C:\dj-apps-2022-05-25\jd-apps\ are changed: .*((\.xx)|(\.yy))$
2022-06-01 16:55:45.238411: wfastcgi.py 3.0.0 initialized
2022-06-01 16:58:18.320936: wfastcgi.py will restart when files in C:\dj-apps-2022-05-25\jd-apps\ are changed: .*((\.xx)|(\.yy))$
2022-06-01 16:58:18.330935: wfastcgi.py 3.0.0 initialized
2022-06-01 16:58:26.091582: wfastcgi.py will restart when files in C:\dj-apps-2022-05-25\jd-apps\ are changed: .*((\.xx)|(\.yy))$
2022-06-01 16:58:26.100579: wfastcgi.py 3.0.0 initialized
2022-06-01 16:58:28.203368: wfastcgi.py will restart when files in C:\dj-apps-2022-05-25\jd-apps\ are changed: .*((\.xx)|(\.yy))$
2022-06-01 16:58:28.219383: wfastcgi.py 3.0.0 initialized
2022-06-01 17:12:25.766459: wfastcgi.py will restart when files in C:\dj-apps-2022-05-25\jd-apps\ are changed: .*((\.xx)|(\.yy))$
2022-06-01 17:12:25.780460: wfastcgi.py 3.0.0 initialized
